{"logTime": "1203/222559", "correlationVector":"ivW3TZii8+PijbAJ0yrA9M.1","action":"SyncServerConnectionManagerRequest", "result":"SYNC_SERVER_OK", "context":{"environment":"Prod_SoutheastAsia_000j", "migrationStage":"NotStarted", "server":"GENERAL01000018"}}
{"logTime": "1203/222600", "correlationVector":"TeiszN3o157KBcShlwfNiO","action":"SyncServerConnectionManagerRequest", "result":"SYNC_SERVER_OK", "context":{"environment":"", "migrationStage":"", "server":""}}
{"logTime": "1203/222600", "correlationVector":"ivW3TZii8+PijbAJ0yrA9M","action":"Initial GetUpdates", "result":"", "context":Reason: NEW_CLIENT. cV=ivW3TZii8+PijbAJ0yrA9M}
{"logTime": "1203/222600", "correlationVector":"ivW3TZii8+PijbAJ0yrA9M.2","action":"GetUpdates Response", "result":"Success", "context":Received 1 update(s). cV=ivW3TZii8+PijbAJ0yrA9M.0;server=GENERAL01000018;cloudType=Consumer;environment=Prod_SoutheastAsia_000j;migrationStage=NotStarted}
{"logTime": "1203/222600", "correlationVector":"934SOgrSP5drJ9Y4ibmXk/","action":"Initial GetUpdates", "result":"", "context":Reason: NEWLY_SUPPORTED_DATATYPE. cV=934SOgrSP5drJ9Y4ibmXk/}
{"logTime": "1203/222601", "correlationVector":"934SOgrSP5drJ9Y4ibmXk/.1","action":"SyncServerConnectionManagerRequest", "result":"SYNC_SERVER_OK", "context":{"environment":"Prod_SoutheastAsia_000j", "migrationStage":"NotStarted", "server":"GENERAL0300001F"}}
{"logTime": "1203/222601", "correlationVector":"934SOgrSP5drJ9Y4ibmXk/.2","action":"GetUpdates Response", "result":"Success", "context":Received 68 update(s). cV=934SOgrSP5drJ9Y4ibmXk/.0;server=GENERAL0300001F;cloudType=Consumer;environment=Prod_SoutheastAsia_000j;migrationStage=NotStarted}
{"logTime": "1203/222601", "correlationVector":"n2jPkLXrO8lcAgkIlH9oHc","action":"Initial GetUpdates", "result":"", "context":Reason: NEWLY_SUPPORTED_DATATYPE. cV=n2jPkLXrO8lcAgkIlH9oHc}
{"logTime": "1203/222602", "correlationVector":"n2jPkLXrO8lcAgkIlH9oHc.1","action":"SyncServerConnectionManagerRequest", "result":"SYNC_SERVER_OK", "context":{"environment":"Prod_SoutheastAsia_000j", "migrationStage":"NotStarted", "server":"GENERAL03000000"}}
{"logTime": "1203/222602", "correlationVector":"n2jPkLXrO8lcAgkIlH9oHc.2","action":"GetUpdates Response", "result":"Success", "context":Received 9 update(s). cV=n2jPkLXrO8lcAgkIlH9oHc.0;server=GENERAL03000000;cloudType=Consumer;environment=Prod_SoutheastAsia_000j;migrationStage=NotStarted}
{"logTime": "1203/222602", "correlationVector":"PzfgZDzSI/qh//OdEjr9+x","action":"Initial GetUpdates", "result":"", "context":Reason: NEWLY_SUPPORTED_DATATYPE. cV=PzfgZDzSI/qh//OdEjr9+x}
{"logTime": "1203/222603", "correlationVector":"PzfgZDzSI/qh//OdEjr9+x.1","action":"SyncServerConnectionManagerRequest", "result":"SYNC_SERVER_OK", "context":{"environment":"Prod_SoutheastAsia_000j", "migrationStage":"NotStarted", "server":"GENERAL0100000G"}}
{"logTime": "1203/222603", "correlationVector":"PzfgZDzSI/qh//OdEjr9+x.2","action":"GetUpdates Response", "result":"Success", "context":Received 250 update(s). cV=PzfgZDzSI/qh//OdEjr9+x.0;server=GENERAL0100000G;cloudType=Consumer;environment=Prod_SoutheastAsia_000j;migrationStage=NotStarted Some updates remain.}
{"logTime": "1203/222603", "correlationVector":"wIk0Wgl/3JMtoPjYU4n5uu","action":"Initial GetUpdates", "result":"", "context":Reason: NEWLY_SUPPORTED_DATATYPE. cV=wIk0Wgl/3JMtoPjYU4n5uu}
{"logTime": "1203/222604", "correlationVector":"wIk0Wgl/3JMtoPjYU4n5uu.1","action":"SyncServerConnectionManagerRequest", "result":"SYNC_SERVER_OK", "context":{"environment":"Prod_SoutheastAsia_000j", "migrationStage":"NotStarted", "server":"GENERAL0300001K"}}
{"logTime": "1203/222604", "correlationVector":"wIk0Wgl/3JMtoPjYU4n5uu.2","action":"GetUpdates", "result":"DeleteReceived", "context":{"id":"40c3953b-8ee9-440c-a1f8-401c0f8a0f24", "isDeleted:":"true", "version":"1727459162116"}}
{"logTime": "1203/222604", "correlationVector":"wIk0Wgl/3JMtoPjYU4n5uu.3","action":"GetUpdates", "result":"DeleteReceived", "context":{"id":"f04d0cad-7a7a-41bd-bcee-0d0ae82ee173", "isDeleted:":"true", "version":"1727459162117"}}
{"logTime": "1203/222604", "correlationVector":"wIk0Wgl/3JMtoPjYU4n5uu.4","action":"GetUpdates", "result":"DeleteReceived", "context":{"id":"f66c8824-75cd-40ef-83bf-5428f92e1e95", "isDeleted:":"true", "version":"1727480568330"}}
{"logTime": "1203/222604", "correlationVector":"wIk0Wgl/3JMtoPjYU4n5uu.5","action":"GetUpdates", "result":"DeleteReceived", "context":{"id":"46466d83-f254-40eb-850f-e9a11c571895", "isDeleted:":"true", "version":"1728679716866"}}
{"logTime": "1203/222604", "correlationVector":"wIk0Wgl/3JMtoPjYU4n5uu.6","action":"GetUpdates", "result":"DeleteReceived", "context":{"id":"988029c0-bb79-4e45-a3b4-6b94114e329c", "isDeleted:":"true", "version":"1733262634871"}}
{"logTime": "1203/222604", "correlationVector":"wIk0Wgl/3JMtoPjYU4n5uu.7","action":"GetUpdates Response", "result":"Success", "context":Received 68 update(s). cV=wIk0Wgl/3JMtoPjYU4n5uu.0;server=GENERAL0300001K;cloudType=Consumer;environment=Prod_SoutheastAsia_000j;migrationStage=NotStarted}
{"logTime": "1203/222604", "correlationVector":"zL//nKdQ1Ml8E37sHE5Efp","action":"Normal GetUpdate request", "result":"", "context":cV=zL//nKdQ1Ml8E37sHE5Efp
Nudged types: Sessions, Device Info, User Consents
Refresh requested types: Bookmarks, Preferences, Passwords, Autofill Profiles, Autofill, Typed URLs, Extensions, Sessions, Extension settings, History Delete Directives, Device Info, User Consents, Send Tab To Self, Web Apps, Collection, Edge E Drop, Edge Hub App Usage, Edge Tab Group, Edge Wallet, Encryption Keys}
{"logTime": "1203/222605", "correlationVector":"zL//nKdQ1Ml8E37sHE5Efp.1","action":"SyncServerConnectionManagerRequest", "result":"SYNC_SERVER_OK", "context":{"environment":"Prod_SoutheastAsia_000j", "migrationStage":"NotStarted", "server":"GENERAL0300002E"}}
{"logTime": "1203/222605", "correlationVector":"zL//nKdQ1Ml8E37sHE5Efp.2","action":"GetUpdates Response", "result":"Success", "context":Received 0 update(s). cV=zL//nKdQ1Ml8E37sHE5Efp.0;server=GENERAL0300002E;cloudType=Consumer;environment=Prod_SoutheastAsia_000j;migrationStage=NotStarted}
{"logTime": "1203/222605", "correlationVector":"11GKqMOHZt4RpPdHaplsu3","action":"DoCompareDataConsistency requsted types: ", "result":"Bookmarks, Preferences, Passwords, Typed URLs, Extensions, Extension settings, History Delete Directives, Send Tab To Self, Web Apps, Collection, Edge E Drop, Edge Tab Group, Edge Wallet, Encryption Keys"}
{"logTime": "1203/222605", "correlationVector":"11GKqMOHZt4RpPdHaplsu3.0","action":"CompareDataConsistency result: ", "result":"Compare result: Encryption Keys is consistent. local entities count is: 1 local entities hash is: /b2cpcjctPGBYIYIQDQhKV4ao8s="}
{"logTime": "1203/222605", "correlationVector":"11GKqMOHZt4RpPdHaplsu3.1","action":"CompareDataConsistency result: ", "result":"Compare result: Bookmarks is consistent. local entities count is: 7 local entities hash is: 0l2DcaGlR1cWhNKQTHg2pLSX20Y="}
{"logTime": "1203/222605", "correlationVector":"11GKqMOHZt4RpPdHaplsu3.2","action":"CompareDataConsistency result: ", "result":"Compare result: Preferences is consistent. local entities count is: 59 local entities hash is: snRhDbKsp3m1T8WT0WpkuEAb+oc="}
{"logTime": "1203/222605", "correlationVector":"11GKqMOHZt4RpPdHaplsu3.3","action":"CompareDataConsistency result: ", "result":"Server did not send this Typed URLs local entities count is: 0 local entities hash is: "}
{"logTime": "1203/222605", "correlationVector":"11GKqMOHZt4RpPdHaplsu3.4","action":"CompareDataConsistency result: ", "result":"Compare result: Extensions is consistent. local entities count is: 0 local entities hash is: "}
{"logTime": "1203/222605", "correlationVector":"11GKqMOHZt4RpPdHaplsu3.5","action":"CompareDataConsistency result: ", "result":"Compare result: Extension settings is consistent. local entities count is: 0 local entities hash is: "}
{"logTime": "1203/222605", "correlationVector":"11GKqMOHZt4RpPdHaplsu3.6","action":"CompareDataConsistency result: ", "result":"Compare result: History Delete Directives is consistent. local entities count is: 0 local entities hash is: "}
{"logTime": "1203/222605", "correlationVector":"11GKqMOHZt4RpPdHaplsu3.7","action":"CompareDataConsistency result: ", "result":"Server did not send this Send Tab To Self local entities count is: 0 local entities hash is: "}
{"logTime": "1203/222605", "correlationVector":"11GKqMOHZt4RpPdHaplsu3.8","action":"CompareDataConsistency result: ", "result":"Compare result: Web Apps is consistent. local entities count is: 0 local entities hash is: "}
{"logTime": "1203/222605", "correlationVector":"11GKqMOHZt4RpPdHaplsu3.9","action":"CompareDataConsistency result: ", "result":"Compare result: Collection is consistent. local entities count is: 0 local entities hash is: "}
{"logTime": "1203/222605", "correlationVector":"11GKqMOHZt4RpPdHaplsu3.10","action":"CompareDataConsistency result: ", "result":"Compare result: Edge E Drop is consistent. local entities count is: 0 local entities hash is: "}
{"logTime": "1203/222605", "correlationVector":"11GKqMOHZt4RpPdHaplsu3.11","action":"CompareDataConsistency result: ", "result":"Compare result: Edge Tab Group is consistent. local entities count is: 0 local entities hash is: "}
{"logTime": "1203/222605", "correlationVector":"11GKqMOHZt4RpPdHaplsu3.12","action":"CompareDataConsistency result: ", "result":"Compare result: Edge Wallet is consistent. local entities count is: 0 local entities hash is: "}
{"logTime": "1203/222605", "correlationVector":"11GKqMOHZt4RpPdHaplsu3.13","action":"CompareDataConsistency result: ", "result":"Compare result: Passwords is consistent. local entities count is: 3 local entities hash is: 0P/V3gVwijXqDW1/qHWSnaW7xu0="}
{"logTime": "1203/222605", "correlationVector":"71lAYp6IxEL8AREEnKlI7a","action":"Commit Request", "result":"", "context":Item count: 4
Contributing types: Sessions, Device Info, User Consents}
{"logTime": "1203/222606", "correlationVector":"71lAYp6IxEL8AREEnKlI7a.1","action":"SyncServerConnectionManagerRequest", "result":"SYNC_SERVER_OK", "context":{"environment":"Prod_SoutheastAsia_000j", "migrationStage":"NotStarted", "server":"GENERAL0100000R"}}
{"logTime": "1203/222606", "correlationVector":"71lAYp6IxEL8AREEnKlI7a.2","action":"Commit Response", "result":"Success", "context":Result: Success. cV=71lAYp6IxEL8AREEnKlI7a.0;server=GENERAL0100000R;cloudType=Consumer;environment=Prod_SoutheastAsia_000j;migrationStage=NotStarted}
{"logTime": "1203/222606", "correlationVector":"","action":"DIAGNOSTIC_REQUEST|v1/diagnosticData/Diagnostic.SendCheckResult()|SUCCESS", "result":""}
{"logTime": "1203/222607", "correlationVector":"+xOYLyDn14uQepY6qQQNIE","action":"Normal GetUpdate request", "result":"", "context":cV=+xOYLyDn14uQepY6qQQNIE
Nudged types: Sessions, Device Info}
{"logTime": "1203/222607", "correlationVector":"+xOYLyDn14uQepY6qQQNIE.1","action":"SyncServerConnectionManagerRequest", "result":"SYNC_SERVER_OK", "context":{"environment":"Prod_SoutheastAsia_000j", "migrationStage":"NotStarted", "server":"GENERAL01000019"}}
{"logTime": "1203/222607", "correlationVector":"+xOYLyDn14uQepY6qQQNIE.2","action":"GetUpdates Response", "result":"Success", "context":Received 3 update(s). cV=+xOYLyDn14uQepY6qQQNIE.0;server=GENERAL01000019;cloudType=Consumer;environment=Prod_SoutheastAsia_000j;migrationStage=NotStarted}
{"logTime": "1203/222837", "correlationVector":"pxUcVr5Zl4aevRfT9zYtXC","action":"Commit Request", "result":"", "context":Item count: 1
Contributing types: User Consents}
{"logTime": "1203/222844", "correlationVector":"pxUcVr5Zl4aevRfT9zYtXC.1","action":"SyncServerConnectionManagerRequest", "result":"SYNC_SERVER_OK", "context":{"environment":"Prod_SoutheastAsia_000j", "migrationStage":"NotStarted", "server":"GENERAL03000025"}}
{"logTime": "1203/222844", "correlationVector":"pxUcVr5Zl4aevRfT9zYtXC.2","action":"Commit Response", "result":"Success", "context":Result: Success. cV=pxUcVr5Zl4aevRfT9zYtXC.0;server=GENERAL03000025;cloudType=Consumer;environment=Prod_SoutheastAsia_000j;migrationStage=NotStarted}
{"logTime": "1203/223054", "correlationVector":"5WqvU9jGnyPsQ+5RJrYECi","action":"Normal GetUpdate request", "result":"", "context":cV=5WqvU9jGnyPsQ+5RJrYECi
Refresh requested types: Bookmarks, Preferences, Passwords, Autofill Profiles, Autofill, Typed URLs, Extensions, Sessions, Extension settings, History Delete Directives, Device Info, User Consents, Send Tab To Self, Web Apps, Collection, Edge E Drop, Edge Hub App Usage, Edge Tab Group, Edge Wallet, Encryption Keys}
{"logTime": "1203/223101", "correlationVector":"5WqvU9jGnyPsQ+5RJrYECi.1","action":"SyncServerConnectionManagerRequest", "result":"SYNC_SERVER_OK", "context":{"environment":"Prod_SoutheastAsia_000j", "migrationStage":"NotStarted", "server":"GENERAL0100001A"}}
{"logTime": "1203/223101", "correlationVector":"5WqvU9jGnyPsQ+5RJrYECi.2","action":"GetUpdates Response", "result":"Success", "context":Received 0 update(s). cV=5WqvU9jGnyPsQ+5RJrYECi.0;server=GENERAL0100001A;cloudType=Consumer;environment=Prod_SoutheastAsia_000j;migrationStage=NotStarted}
